<?xml version="1.0" encoding="UTF-8"?>
<!-- Generated by org.testng.reporters.JUnitReportReporter -->
<testsuite hostname="W-GAMAHAJA-19" name="org.gajanan.selenium.DownloadWithoutBrowserTestRevisited" tests="1" failures="0" timestamp="20 Jan 2017 04:43:59 GMT" time="0.686" errors="0">
  <testcase name="verifyDropDownList" time="0.686" classname="org.gajanan.selenium.DownloadWithoutBrowserTestRevisited"/>
</testsuite>
