<?xml version="1.0" encoding="UTF-8"?>
<!-- Generated by org.testng.reporters.JUnitReportReporter -->
<testsuite hostname="W-GAMAHAJA-19" name="org.gajanan.selenium.ABTest" tests="1" failures="0" timestamp="20 Jan 2017 11:18:04 GMT" time="0.948" errors="0">
  <testcase name="verifyDropDownList" time="0.948" classname="org.gajanan.selenium.ABTest"/>
</testsuite>
