<?xml version="1.0" encoding="UTF-8"?>
<!-- Generated by org.testng.reporters.JUnitReportReporter -->
<testsuite hostname="W-GAMAHAJA-19" name="org.gajanan.selenium.UploadTest" tests="2" failures="0" timestamp="4 Jan 2017 05:00:30 GMT" time="5.488" errors="0">
  <testcase name="randomTest" time="0.035" classname="org.gajanan.selenium.UploadTest"/>
  <testcase name="verifyUpload" time="5.453" classname="org.gajanan.selenium.UploadTest"/>
</testsuite>
