<?xml version="1.0" encoding="UTF-8"?>
<!-- Generated by org.testng.reporters.JUnitReportReporter -->
<testsuite hostname="W-GAMAHAJA-19" name="org.gajanan.selenium.ScrollToViewTest" tests="1" failures="0" timestamp="28 Jan 2017 06:06:48 GMT" time="3.128" errors="0">
  <testcase name="scrollElementToView" time="3.128" classname="org.gajanan.selenium.ScrollToViewTest"/>
</testsuite>
