<?xml version="1.0" encoding="UTF-8"?>
<!-- Generated by org.testng.reporters.JUnitReportReporter -->
<testsuite hostname="W-GAMAHAJA-19" name="org.gajanan.selenium.CSSTest" tests="1" failures="0" timestamp="11 Jan 2017 05:28:47 GMT" time="0.162" errors="0">
  <testcase name="verifyCSS" time="0.162" classname="org.gajanan.selenium.CSSTest"/>
</testsuite>
