<?xml version="1.0" encoding="UTF-8"?>
<!-- Generated by org.testng.reporters.JUnitReportReporter -->
<testsuite hostname="W-GAMAHAJA-19" name="org.gajanan.selenium.ActionRevisitedTest" tests="1" failures="0" timestamp="7 Jan 2017 06:24:23 GMT" time="2.098" errors="0">
  <testcase name="verifyDropDownList" time="2.098" classname="org.gajanan.selenium.ActionRevisitedTest"/>
</testsuite>
