<?xml version="1.0" encoding="UTF-8"?>
<!-- Generated by org.testng.reporters.JUnitReportReporter -->
<testsuite hostname="W-GAMAHAJA-19" name="org.gajanan.selenium.KeysTest" tests="1" failures="0" timestamp="28 Jan 2017 04:53:42 GMT" time="10.876" errors="0">
  <testcase name="verifyKeys" time="10.876" classname="org.gajanan.selenium.KeysTest"/>
</testsuite>
