<?xml version="1.0" encoding="UTF-8"?>
<!-- Generated by org.testng.reporters.JUnitReportReporter -->
<testsuite hostname="W-GAMAHAJA-19" name="org.gajanan.selenium.FrameTest" tests="1" failures="0" timestamp="5 Jan 2017 11:48:13 GMT" time="3.780" errors="0">
  <testcase name="verifyFrames" time="3.780" classname="org.gajanan.selenium.FrameTest"/>
</testsuite>
