<?xml version="1.0" encoding="UTF-8"?>
<!-- Generated by org.testng.reporters.JUnitReportReporter -->
<testsuite hostname="W-GAMAHAJA-19" name="org.gajanan.selenium.DataTableTest" tests="1" failures="0" timestamp="12 Jan 2017 06:31:26 GMT" time="118.623" errors="0">
  <testcase name="verifyDataTable" time="118.623" classname="org.gajanan.selenium.DataTableTest"/>
</testsuite>
