<?xml version="1.0" encoding="UTF-8"?>
<!-- Generated by org.testng.reporters.JUnitReportReporter -->
<testsuite hostname="W-GAMAHAJA-19" name="org.gajanan.selenium.MultipleWindowsTest" tests="1" failures="0" timestamp="6 Jan 2017 13:57:51 GMT" time="7.901" errors="0">
  <testcase name="verifyMultipleWindows" time="7.901" classname="org.gajanan.selenium.MultipleWindowsTest"/>
</testsuite>
