<?xml version="1.0" encoding="UTF-8"?>
<!-- Generated by org.testng.reporters.JUnitReportReporter -->
<testsuite hostname="W-GAMAHAJA-19" name="org.gajanan.selenium.DynamicLoadTest" tests="1" failures="0" timestamp="11 Jan 2017 06:13:52 GMT" time="7.098" errors="0">
  <testcase name="verifyCSS" time="7.098" classname="org.gajanan.selenium.DynamicLoadTest"/>
</testsuite>
