<?xml version="1.0" encoding="UTF-8"?>
<!-- Generated by org.testng.reporters.JUnitReportReporter -->
<testsuite hostname="W-GAMAHAJA-19" name="org.gajanan.selenium.DropDownTest" tests="1" failures="0" timestamp="6 Jan 2017 14:04:38 GMT" time="6.631" errors="0">
  <testcase name="verifyDropDownList" time="6.631" classname="org.gajanan.selenium.DropDownTest"/>
</testsuite>
