<?xml version="1.0" encoding="UTF-8"?>
<!-- Generated by org.testng.reporters.JUnitReportReporter -->
<testsuite hostname="W-GAMAHAJA-19" name="org.gajanan.selenium.CheckBoxTest" tests="1" failures="0" timestamp="24 Jan 2017 09:19:15 GMT" time="3.640" errors="0">
  <testcase name="dragAndDropTest" time="3.640" classname="org.gajanan.selenium.CheckBoxTest"/>
</testsuite>
