<?xml version="1.0" encoding="UTF-8"?>
<!-- Generated by org.testng.reporters.JUnitReportReporter -->
<testsuite hostname="W-GAMAHAJA-19" name="org.gajanan.selenium.DownloadWithoutBrowserTest" tests="1" failures="0" timestamp="6 Jan 2017 15:36:52 GMT" time="1.670" errors="0">
  <testcase name="verifyDropDownList" time="1.670" classname="org.gajanan.selenium.DownloadWithoutBrowserTest"/>
</testsuite>
