<?xml version="1.0" encoding="UTF-8"?>
<!-- Generated by org.testng.reporters.JUnitReportReporter -->
<testsuite hostname="W-GAMAHAJA-19" name="org.gajanan.selenium.DownloadTest" tests="1" failures="0" timestamp="4 Jan 2017 05:52:20 GMT" time="60.408" errors="0">
  <testcase name="downloadTest" time="60.408" classname="org.gajanan.selenium.DownloadTest"/>
</testsuite>
