<?xml version="1.0" encoding="UTF-8"?>
<!-- Generated by org.testng.reporters.JUnitReportReporter -->
<testsuite hostname="W-GAMAHAJA-19" name="org.gajanan.selenium.HoversTest" tests="1" failures="0" timestamp="24 Jan 2017 12:40:08 GMT" time="0.825" errors="0">
  <testcase name="hoversTest" time="0.825" classname="org.gajanan.selenium.HoversTest"/>
</testsuite>
