<?xml version="1.0" encoding="UTF-8"?>
<!-- Generated by org.testng.reporters.JUnitReportReporter -->
<testsuite hostname="W-GAMAHAJA-19" name="org.gajanan.pagefactory.LoginTest" tests="1" failures="0" timestamp="24 Jan 2017 07:57:50 GMT" time="0.620" errors="0">
  <testcase name="verifyValidLogin" time="0.620" classname="org.gajanan.pagefactory.LoginTest"/>
</testsuite>
