<?xml version="1.0" encoding="UTF-8"?>
<!-- Generated by org.testng.reporters.JUnitReportReporter -->
<testsuite hostname="W-GAMAHAJA-19" name="org.gajanan.selenium.ListenerTest" tests="1" failures="0" timestamp="25 Jan 2017 13:25:38 GMT" time="5.048" errors="0">
  <testcase name="verifyValidLogin" time="5.048" classname="org.gajanan.selenium.ListenerTest"/>
</testsuite>
