<?xml version="1.0" encoding="UTF-8"?>
<!-- Generated by org.testng.reporters.JUnitReportReporter -->
<testsuite hostname="W-GAMAHAJA-19" name="org.gajanan.selenium.JavaScriptPopUpsTest" tests="1" failures="0" timestamp="24 Jan 2017 13:38:43 GMT" time="13.509" errors="0">
  <testcase name="javaScriptAlertTest" time="13.509" classname="org.gajanan.selenium.JavaScriptPopUpsTest"/>
</testsuite>
