<?xml version="1.0" encoding="UTF-8"?>
<!-- Generated by org.testng.reporters.JUnitReportReporter -->
<testsuite hostname="W-GAMAHAJA-19" name="org.gajanan.selenium.DisabledElementTest" tests="1" failures="0" timestamp="23 Jan 2017 12:55:11 GMT" time="0.326" errors="0">
  <testcase name="disabledElementTest" time="0.326" classname="org.gajanan.selenium.DisabledElementTest"/>
</testsuite>
