<?xml version="1.0" encoding="UTF-8"?>
<!-- Generated by org.testng.reporters.JUnitReportReporter -->
<testsuite hostname="W-GAMAHAJA-19" name="org.gajanan.selenium.CSSTest" tests="1" failures="0" timestamp="23 Jan 2017 12:41:47 GMT" time="0.086" errors="0">
  <testcase name="verifyCSS" time="0.086" classname="org.gajanan.selenium.CSSTest"/>
</testsuite>
