<?xml version="1.0" encoding="UTF-8"?>
<!-- Generated by org.testng.reporters.JUnitReportReporter -->
<testsuite hostname="W-GAMAHAJA-19" name="org.gajanan.selenium.DownloadTest" tests="1" failures="1" timestamp="23 Jan 2017 12:41:47 GMT" time="0.001" errors="0">
  <testcase name="downloadTest" time="0.001" classname="org.gajanan.selenium.DownloadTest">
    <failure type="org.openqa.selenium.WebDriverException" message="Failed to decode response from marionette
Build info: version: &#039;3.0.1&#039;, revision: &#039;1969d75&#039;, time: &#039;2016-10-18 09:49:13 -0700&#039;
System info: host: &#039;W-GAMAHAJA-19&#039;, ip: &#039;10.155.145.157&#039;, os.name: &#039;Windows 7&#039;, os.arch: &#039;amd64&#039;, os.version: &#039;6.1&#039;, java.version: &#039;1.8.0_60&#039;
Driver info: org.openqa.selenium.firefox.FirefoxDriver
Capabilities [{rotatable=false, raisesAccessibilityExceptions=false, marionette=true, firefoxOptions={args=[], profile=UEsDBBQACAgIAESRN0oAAAAAAAAAAAAAAAAHAAAAdXNlci5qc51XTXPbNhC991dkdGpnIkSylMRJT67jdtrxxJ0onlw0gwHBJQkJBFB8iNa/74KULFmkSDknUdQC+/Hevl0FB5YaC9mvo8TqCr8RxzKon4XKSclkxSwQUCyRkI7evsmYdPDb77+Ew8mUebQx2vp4pAAmfdF8J2i0EXzg/N5zAdKAvTHGEQUbfHJrjGYD3/UX4dZ4diRKlsO7lYH87RtmjBSceaHVO5NmL19o7sGPnbfAytFLbwp8pe2aFN4bYgrhiu04/myYc2MJKvcFurp6/747SLwxxY8UPKCP9E9hnb/BzLkEPOZtOC2OLrGKT5QXVpdAHbfCeGqDol6U8chs0u3Is8QRLL56ULdSO+ivXaorJTVL0ZfCGiGMha5+FKAWiE3Epfu4waCMd9EZLXXK5ADSsPFaS0fAWm25Vk7LY3Db6TuRK62waiWUCdhF/dX15+LAOQTReY3Ms+AC1i3DQCm3zBX9Z6VQa6INKApPHqxiMoL5ar5mEdZvQXU7qyBJrUCGUsY5IJxBYeYO6UA5WO86K/GMlHBGsi2kd9PJ4qtG5kRo593G+Cp9UD+EQnzddEIEOtKP3+5jM7BEB/85kUytR23ONQlRJiVdOSxGjFM0pW/H9mQElhttSVUID1I4jxf8F4Q9x4RIg7XwZNdNe9ZhcpELvQWQDIHBBuinmou8DYYU2DUG76YVSB47KNgI6Wg00AeZltin95hJmwCRGqqmGAkG2QBEIQ7Z9hFNXi1xwUR/d725AA9W+C3SSgI+ERQmwT3VVuRCUaNRt7b9vFZQYY+SXfI90L8ItLmZxJeLkJSi7qt/65c3NXMvk/TOa3ozfm7lHYoRQbQ8I3WHpsU0q5rsbdB0lqEdjFmcD0hVXdFkS1PIWJC+W3v2ZefO7MjWHW2bD73U3HMfGwVlzdstaWS0tr8asr1oFN493t+QGWEHkNrprdiGNeOkV4FPodg3VD+P2nFbWNUTr9dJQ9N4fX+eRxVnwcf5Ho0XHEkQFWo6OSe4za1U4ZjfAMUtQQ3I7dEYfUCGDYaTSM3XtQBeBJQDZnmxo83QiC5JQ26ShtJcBNqznKUiKtPo9vNy+Rdbodqq5fIfJMByuUCElAjl7Ds4v1xes/nsI5slY3bNJ+P5lF2PP82v5uOPcH314dN0knxg0xOssaMu4v0LcmpEw4q0W+pbgneqdLPunawZI+N9qyNlfRhYFna2Z2Rst3wNb11HI93VC8dhpKPchXoutPM8qlykcXcQR32qmxlcL2d/q9tmfzq7Nu6GKa2VMcUyqpxGMgwwEtdoSXgBfP2lEcc/ml9eP2cJS1MRI2YDU6fzv8PP/meQOs/jy9162Ttnjhq3zvgWdRilIREysk+JvPDyzGQ9Orr3+DMySveNQEpcWGsijuKSa+GkRocdK+7ESGzcbAeWrIPIyMwF06wbh/Xnf1BLBwjQ2ga9NQQAAL0NAABQSwECFAAUAAgICABEkTdK0NoGvTUEAAC9DQAABwAAAAAAAAAAAAAAAAAAAAAAdXNlci5qc1BLBQYAAAAAAQABADUAAABqBAAAAAA=}, appBuildId=20161208153507, version=, platform=XP, proxy={}, command_id=1, specificationLevel=0, acceptSslCerts=false, processId=12560, browserVersion=50.1.0, platformVersion=6.1, XULappId={ec8030f7-c20a-464f-9b0e-13a3a9e97384}, browserName=firefox, takesScreenshot=true, takesElementScreenshot=true, platformName=windows_nt}]
Session ID: 3c706009-ede7-4b84-aba7-d1d99b0806ac">
      <![CDATA[org.openqa.selenium.WebDriverException: Failed to decode response from marionette
Build info: version: '3.0.1', revision: '1969d75', time: '2016-10-18 09:49:13 -0700'
System info: host: 'W-GAMAHAJA-19', ip: '10.155.145.157', os.name: 'Windows 7', os.arch: 'amd64', os.version: '6.1', java.version: '1.8.0_60'
Driver info: org.openqa.selenium.firefox.FirefoxDriver
Capabilities [{rotatable=false, raisesAccessibilityExceptions=false, marionette=true, firefoxOptions={args=[], profile=UEsDBBQACAgIAESRN0oAAAAAAAAAAAAAAAAHAAAAdXNlci5qc51XTXPbNhC991dkdGpnIkSylMRJT67jdtrxxJ0onlw0gwHBJQkJBFB8iNa/74KULFmkSDknUdQC+/Hevl0FB5YaC9mvo8TqCr8RxzKon4XKSclkxSwQUCyRkI7evsmYdPDb77+Ew8mUebQx2vp4pAAmfdF8J2i0EXzg/N5zAdKAvTHGEQUbfHJrjGYD3/UX4dZ4diRKlsO7lYH87RtmjBSceaHVO5NmL19o7sGPnbfAytFLbwp8pe2aFN4bYgrhiu04/myYc2MJKvcFurp6/747SLwxxY8UPKCP9E9hnb/BzLkEPOZtOC2OLrGKT5QXVpdAHbfCeGqDol6U8chs0u3Is8QRLL56ULdSO+ivXaorJTVL0ZfCGiGMha5+FKAWiE3Epfu4waCMd9EZLXXK5ADSsPFaS0fAWm25Vk7LY3Db6TuRK62waiWUCdhF/dX15+LAOQTReY3Ms+AC1i3DQCm3zBX9Z6VQa6INKApPHqxiMoL5ar5mEdZvQXU7qyBJrUCGUsY5IJxBYeYO6UA5WO86K/GMlHBGsi2kd9PJ4qtG5kRo593G+Cp9UD+EQnzddEIEOtKP3+5jM7BEB/85kUytR23ONQlRJiVdOSxGjFM0pW/H9mQElhttSVUID1I4jxf8F4Q9x4RIg7XwZNdNe9ZhcpELvQWQDIHBBuinmou8DYYU2DUG76YVSB47KNgI6Wg00AeZltin95hJmwCRGqqmGAkG2QBEIQ7Z9hFNXi1xwUR/d725AA9W+C3SSgI+ERQmwT3VVuRCUaNRt7b9vFZQYY+SXfI90L8ItLmZxJeLkJSi7qt/65c3NXMvk/TOa3ozfm7lHYoRQbQ8I3WHpsU0q5rsbdB0lqEdjFmcD0hVXdFkS1PIWJC+W3v2ZefO7MjWHW2bD73U3HMfGwVlzdstaWS0tr8asr1oFN493t+QGWEHkNrprdiGNeOkV4FPodg3VD+P2nFbWNUTr9dJQ9N4fX+eRxVnwcf5Ho0XHEkQFWo6OSe4za1U4ZjfAMUtQQ3I7dEYfUCGDYaTSM3XtQBeBJQDZnmxo83QiC5JQ26ShtJcBNqznKUiKtPo9vNy+Rdbodqq5fIfJMByuUCElAjl7Ds4v1xes/nsI5slY3bNJ+P5lF2PP82v5uOPcH314dN0knxg0xOssaMu4v0LcmpEw4q0W+pbgneqdLPunawZI+N9qyNlfRhYFna2Z2Rst3wNb11HI93VC8dhpKPchXoutPM8qlykcXcQR32qmxlcL2d/q9tmfzq7Nu6GKa2VMcUyqpxGMgwwEtdoSXgBfP2lEcc/ml9eP2cJS1MRI2YDU6fzv8PP/meQOs/jy9162Ttnjhq3zvgWdRilIREysk+JvPDyzGQ9Orr3+DMySveNQEpcWGsijuKSa+GkRocdK+7ESGzcbAeWrIPIyMwF06wbh/Xnf1BLBwjQ2ga9NQQAAL0NAABQSwECFAAUAAgICABEkTdK0NoGvTUEAAC9DQAABwAAAAAAAAAAAAAAAAAAAAAAdXNlci5qc1BLBQYAAAAAAQABADUAAABqBAAAAAA=}, appBuildId=20161208153507, version=, platform=XP, proxy={}, command_id=1, specificationLevel=0, acceptSslCerts=false, processId=12560, browserVersion=50.1.0, platformVersion=6.1, XULappId={ec8030f7-c20a-464f-9b0e-13a3a9e97384}, browserName=firefox, takesScreenshot=true, takesElementScreenshot=true, platformName=windows_nt}]
Session ID: 3c706009-ede7-4b84-aba7-d1d99b0806ac
	at sun.reflect.NativeConstructorAccessorImpl.newInstance0(Native Method)
	at sun.reflect.NativeConstructorAccessorImpl.newInstance(NativeConstructorAccessorImpl.java:62)
	at sun.reflect.DelegatingConstructorAccessorImpl.newInstance(DelegatingConstructorAccessorImpl.java:45)
	at java.lang.reflect.Constructor.newInstance(Constructor.java:422)
	at org.openqa.selenium.remote.http.W3CHttpResponseCodec.createException(W3CHttpResponseCodec.java:127)
	at org.openqa.selenium.remote.http.W3CHttpResponseCodec.decode(W3CHttpResponseCodec.java:93)
	at org.openqa.selenium.remote.http.W3CHttpResponseCodec.decode(W3CHttpResponseCodec.java:42)
	at org.openqa.selenium.remote.HttpCommandExecutor.execute(HttpCommandExecutor.java:163)
	at org.openqa.selenium.remote.service.DriverCommandExecutor.execute(DriverCommandExecutor.java:82)
	at org.openqa.selenium.remote.RemoteWebDriver.execute(RemoteWebDriver.java:601)
	at org.openqa.selenium.remote.RemoteWebDriver.get(RemoteWebDriver.java:322)
	at org.gajanan.selenium.DownloadTest.setUp(DownloadTest.java:45)
	at sun.reflect.NativeMethodAccessorImpl.invoke0(Native Method)
	at sun.reflect.NativeMethodAccessorImpl.invoke(NativeMethodAccessorImpl.java:62)
	at sun.reflect.DelegatingMethodAccessorImpl.invoke(DelegatingMethodAccessorImpl.java:43)
	at java.lang.reflect.Method.invoke(Method.java:497)
	at org.testng.internal.MethodInvocationHelper.invokeMethod(MethodInvocationHelper.java:80)
	at org.testng.internal.Invoker.invokeConfigurationMethod(Invoker.java:525)
	at org.testng.internal.Invoker.invokeConfigurations(Invoker.java:202)
	at org.testng.internal.Invoker.invokeConfigurations(Invoker.java:130)
	at org.testng.internal.TestMethodWorker.invokeBeforeClassMethods(TestMethodWorker.java:173)
	at org.testng.internal.TestMethodWorker.run(TestMethodWorker.java:105)
	at org.testng.TestRunner.runWorkers(TestRunner.java:1178)
	at org.testng.TestRunner.privateRun(TestRunner.java:757)
	at org.testng.TestRunner.run(TestRunner.java:608)
	at org.testng.SuiteRunner.runTest(SuiteRunner.java:334)
	at org.testng.SuiteRunner.runSequentially(SuiteRunner.java:329)
	at org.testng.SuiteRunner.privateRun(SuiteRunner.java:291)
	at org.testng.SuiteRunner.run(SuiteRunner.java:240)
	at org.testng.SuiteRunnerWorker.runSuite(SuiteRunnerWorker.java:52)
	at org.testng.SuiteRunnerWorker.run(SuiteRunnerWorker.java:86)
	at org.testng.TestNG.runSuitesSequentially(TestNG.java:1158)
	at org.testng.TestNG.runSuitesLocally(TestNG.java:1083)
	at org.testng.TestNG.run(TestNG.java:999)
	at org.apache.maven.surefire.testng.TestNGExecutor.run(TestNGExecutor.java:77)
	at org.apache.maven.surefire.testng.TestNGDirectoryTestSuite.executeMulti(TestNGDirectoryTestSuite.java:159)
	at org.apache.maven.surefire.testng.TestNGDirectoryTestSuite.execute(TestNGDirectoryTestSuite.java:99)
	at org.apache.maven.surefire.testng.TestNGProvider.invoke(TestNGProvider.java:106)
	at sun.reflect.NativeMethodAccessorImpl.invoke0(Native Method)
	at sun.reflect.NativeMethodAccessorImpl.invoke(NativeMethodAccessorImpl.java:62)
	at sun.reflect.DelegatingMethodAccessorImpl.invoke(DelegatingMethodAccessorImpl.java:43)
	at java.lang.reflect.Method.invoke(Method.java:497)
	at org.apache.maven.surefire.util.ReflectionUtils.invokeMethodWithArray(ReflectionUtils.java:189)
	at org.apache.maven.surefire.booter.ProviderFactory$ProviderProxy.invoke(ProviderFactory.java:165)
	at org.apache.maven.surefire.booter.ProviderFactory.invokeProvider(ProviderFactory.java:85)
	at org.apache.maven.surefire.booter.ForkedBooter.runSuitesInProcess(ForkedBooter.java:115)
	at org.apache.maven.surefire.booter.ForkedBooter.main(ForkedBooter.java:75)
]]>
    </failure>
  </testcase>
</testsuite>
