<?xml version="1.0" encoding="UTF-8"?>
<!-- Generated by org.testng.reporters.JUnitReportReporter -->
<testsuite hostname="W-GAMAHAJA-19" name="org.gajanan.selenium.ActionRevisitedTest" tests="1" failures="0" timestamp="23 Jan 2017 12:41:47 GMT" time="2.845" errors="0">
  <testcase name="verifyDropDownList" time="2.845" classname="org.gajanan.selenium.ActionRevisitedTest"/>
</testsuite>
